2020-05-28T04:03:51+00:00 pop-os#00 I: Runner: processes
2020-05-28T04:03:51+00:00 pop-os#00 I: Chooser: simple
2020-05-28T04:03:51+00:00 pop-os#00 I: Configuration suite_name = "suite"
2020-05-28T04:03:51+00:00 pop-os#00 I: Configuration cache_filename = "/home/brandon/Dev/03_pascalLIGO/01_basic/OUnit/_build/oUnit-$(suite_name).cache"
2020-05-28T04:03:51+00:00 pop-os#00 I: Configuration run_gc_full_major = "true"
2020-05-28T04:03:51+00:00 pop-os#00 I: Configuration display = "true"
2020-05-28T04:03:51+00:00 pop-os#00 I: Configuration results_style_1_X = "false"
2020-05-28T04:03:51+00:00 pop-os#00 I: Configuration testdata_dir = "none"
2020-05-28T04:03:51+00:00 pop-os#00 I: Configuration health_check_interval = "1."
2020-05-28T04:03:51+00:00 pop-os#00 I: Configuration verbose = "false"
2020-05-28T04:03:51+00:00 pop-os#00 I: Configuration chooser = "simple"
2020-05-28T04:03:51+00:00 pop-os#00 I: Configuration output_html_dir = "none"
2020-05-28T04:03:51+00:00 pop-os#00 I: Configuration processes_kill_period = "5."
2020-05-28T04:03:51+00:00 pop-os#00 I: Configuration runner = "processes"
2020-05-28T04:03:51+00:00 pop-os#00 I: Configuration shards = "4"
2020-05-28T04:03:51+00:00 pop-os#00 I: Configuration processes_grace_period = "5."
2020-05-28T04:03:51+00:00 pop-os#00 I: Configuration log_encoding = "utf-8"
2020-05-28T04:03:51+00:00 pop-os#00 I: Configuration output_junit_file = "none"
2020-05-28T04:03:51+00:00 pop-os#00 I: Configuration ci = "false"
2020-05-28T04:03:51+00:00 pop-os#00 I: Configuration output_file = "/home/brandon/Dev/03_pascalLIGO/01_basic/OUnit/_build/oUnit-$(suite_name)-$(shard_id).log"
2020-05-28T04:03:51+00:00 pop-os#00 I: Using 4 workers maximum.
2020-05-28T04:03:51+00:00 pop-os#00 I: Starting worker number pop-os#01.
2020-05-28T04:03:51+00:00 pop-os#00 I: Worker pop-os#01 started.
2020-05-28T04:03:51+00:00 pop-os#00 I: Starting worker number pop-os#02.
2020-05-28T04:03:51+00:00 pop-os#00 I: Worker pop-os#02 started.
2020-05-28T04:03:51+00:00 pop-os#00 I: Still 2 tests running : suite:1:test2, suite:0:test1.
2020-05-28T04:03:51+00:00 pop-os#00 I: 2 tests running: suite:1:test2, suite:0:test1.
2020-05-28T04:03:51+00:00 pop-os#01 I: Start test suite:0:test1.
2020-05-28T04:03:51+00:00 pop-os#00 I: Still 2 tests running : suite:1:test2, suite:0:test1.
2020-05-28T04:03:51+00:00 pop-os#00 I: 2 tests running: suite:1:test2, suite:0:test1.
2020-05-28T04:03:51+00:00 pop-os#01 E: Test suite:0:test1 has failed.
2020-05-28T04:03:51+00:00 pop-os#01 E: not equal in test suite:0:test1.
2020-05-28T04:03:51+00:00 pop-os#01 E: Called from unknown location
2020-05-28T04:03:51+00:00 pop-os#01 E: 
2020-05-28T04:03:51+00:00 pop-os#00 I: Still 2 tests running : suite:1:test2, suite:0:test1.
2020-05-28T04:03:51+00:00 pop-os#00 I: 2 tests running: suite:1:test2, suite:0:test1.
2020-05-28T04:03:51+00:00 pop-os#01 I: End test suite:0:test1.
2020-05-28T04:03:51+00:00 pop-os#02 I: Start test suite:1:test2.
2020-05-28T04:03:51+00:00 pop-os#00 I: Still 2 tests running : suite:1:test2, suite:0:test1.
2020-05-28T04:03:51+00:00 pop-os#00 I: 2 tests running: suite:1:test2, suite:0:test1.
2020-05-28T04:03:51+00:00 pop-os#02 E: Test suite:1:test2 has failed.
2020-05-28T04:03:51+00:00 pop-os#02 E: expected: 10 but got: 100 in test suite:1:test2.
2020-05-28T04:03:51+00:00 pop-os#02 E: Called from unknown location
2020-05-28T04:03:51+00:00 pop-os#02 E: 
2020-05-28T04:03:51+00:00 pop-os#00 I: Still 1 tests running : suite:1:test2.
2020-05-28T04:03:51+00:00 pop-os#00 I: 1 tests running: suite:1:test2.
2020-05-28T04:03:51+00:00 pop-os#02 I: End test suite:1:test2.
2020-05-28T04:03:51+00:00 pop-os#00 I: Still 1 tests running : suite:1:test2.
2020-05-28T04:03:51+00:00 pop-os#00 I: 1 tests running: suite:1:test2.
2020-05-28T04:03:51+00:00 pop-os#00 I: 0 tests running: .
2020-05-28T04:03:51+00:00 pop-os#00 I: Worker pop-os#01 has ended.
2020-05-28T04:03:51+00:00 pop-os#00 I: Worker pop-os#02 has ended.
2020-05-28T04:03:51+00:00 pop-os#00 I: Used 2 worker during test execution.
2020-05-28T04:03:51+00:00 pop-os#00 I: Run 1 tests with shard pop-os#01.
2020-05-28T04:03:51+00:00 pop-os#00 I: Run 1 tests with shard pop-os#02.
2020-05-28T04:03:51+00:00 pop-os#00 I: Check health of shard pop-os#01, 3 times.
2020-05-28T04:03:51+00:00 pop-os#00 I: Check health of shard pop-os#02, 1 times.
2020-05-28T04:03:51+00:00 pop-os#00 I: ==============
2020-05-28T04:03:51+00:00 pop-os#00 I: Summary:
2020-05-28T04:03:51+00:00 pop-os#00 E: Test suite:1:test2 has failed.
2020-05-28T04:03:51+00:00 pop-os#00 E: expected: 10 but got: 100 in test suite:1:test2.
2020-05-28T04:03:51+00:00 pop-os#00 E: Called from unknown location
2020-05-28T04:03:51+00:00 pop-os#00 E: 
2020-05-28T04:03:51+00:00 pop-os#00 E: Test suite:0:test1 has failed.
2020-05-28T04:03:51+00:00 pop-os#00 E: not equal in test suite:0:test1.
2020-05-28T04:03:51+00:00 pop-os#00 E: Called from unknown location
2020-05-28T04:03:51+00:00 pop-os#00 E: 
2020-05-28T04:03:51+00:00 pop-os#00 I: Ran: 2 tests in: 0.11 seconds.
2020-05-28T04:03:51+00:00 pop-os#00 I: Cases: 2.
2020-05-28T04:03:51+00:00 pop-os#00 I: Tried: 2.
2020-05-28T04:03:51+00:00 pop-os#00 I: Errors: 0.
2020-05-28T04:03:51+00:00 pop-os#00 I: Failures: 2.
2020-05-28T04:03:51+00:00 pop-os#00 I: Skip: 0.
2020-05-28T04:03:51+00:00 pop-os#00 I: Todo: 0.
2020-05-28T04:03:51+00:00 pop-os#00 I: Timeout: 0.
